Using pre-set license
Built from '2021.3/staging' branch; Version is '2021.3.25f1 (68ef2c4f8861) revision 6876972'; Using compiler version '192829333'; Build Type 'Release'
OS: 'Windows 11  (10.0.22621) 64bit CoreSingleLanguage' Language: 'en' Physical Memory: 7930 MB
BatchMode: 1, IsHumanControllingUs: 0, StartBugReporterOnCrash: 0, Is64bit: 1, IsPro: 1

COMMAND LINE ARGUMENTS:
C:\Program Files\Unity\Hub\Editor\2021.3.25f1\Editor\Unity.exe
-adb2
-batchMode
-noUpm
-name
AssetImportWorker6
-projectPath
D:/GITHUB/zombie_game/TPS Zombie Game
-logFile
Logs/AssetImportWorker6.log
-srvPort
55520
Successfully changed project path to: D:/GITHUB/zombie_game/TPS Zombie Game
D:/GITHUB/zombie_game/TPS Zombie Game
[UnityMemory] Configuration Parameters - Can be set up in boot.config
    "memorysetup-bucket-allocator-granularity=16"
    "memorysetup-bucket-allocator-bucket-count=8"
    "memorysetup-bucket-allocator-block-size=33554432"
    "memorysetup-bucket-allocator-block-count=8"
    "memorysetup-main-allocator-block-size=16777216"
    "memorysetup-thread-allocator-block-size=16777216"
    "memorysetup-gfx-main-allocator-block-size=16777216"
    "memorysetup-gfx-thread-allocator-block-size=16777216"
    "memorysetup-cache-allocator-block-size=4194304"
    "memorysetup-typetree-allocator-block-size=2097152"
    "memorysetup-profiler-bucket-allocator-granularity=16"
    "memorysetup-profiler-bucket-allocator-bucket-count=8"
    "memorysetup-profiler-bucket-allocator-block-size=33554432"
    "memorysetup-profiler-bucket-allocator-block-count=8"
    "memorysetup-profiler-allocator-block-size=16777216"
    "memorysetup-profiler-editor-allocator-block-size=1048576"
    "memorysetup-temp-allocator-size-main=16777216"
    "memorysetup-job-temp-allocator-block-size=2097152"
    "memorysetup-job-temp-allocator-block-size-background=1048576"
    "memorysetup-job-temp-allocator-reduction-small-platforms=262144"
    "memorysetup-temp-allocator-size-background-worker=32768"
    "memorysetup-temp-allocator-size-job-worker=262144"
    "memorysetup-temp-allocator-size-preload-manager=33554432"
    "memorysetup-temp-allocator-size-nav-mesh-worker=65536"
    "memorysetup-temp-allocator-size-audio-worker=65536"
    "memorysetup-temp-allocator-size-cloud-worker=32768"
    "memorysetup-temp-allocator-size-gi-baking-worker=262144"
    "memorysetup-temp-allocator-size-gfx=262144"
Player connection [23624] Host "[IP] 192.168.0.230 [Port] 0 [Flags] 2 [Guid] 3439563751 [EditorId] 3439563751 [Version] 1048832 [Id] WindowsEditor(7,HOANGANH) [Debug] 1 [PackageName] WindowsEditor [ProjectName] Editor" joined multi-casting on [225.0.0.222:54997]...

Player connection [23624] Host "[IP] 192.168.0.230 [Port] 0 [Flags] 2 [Guid] 3439563751 [EditorId] 3439563751 [Version] 1048832 [Id] WindowsEditor(7,HOANGANH) [Debug] 1 [PackageName] WindowsEditor [ProjectName] Editor" joined alternative multi-casting on [225.0.0.222:34997]...

Refreshing native plugins compatible for Editor in 69.76 ms, found 3 plugins.
Preloading 0 native plugins for Editor in 0.00 ms.
Initialize engine version: 2021.3.25f1 (68ef2c4f8861)
[Subsystems] Discovering subsystems at path C:/Program Files/Unity/Hub/Editor/2021.3.25f1/Editor/Data/Resources/UnitySubsystems
[Subsystems] Discovering subsystems at path D:/GITHUB/zombie_game/TPS Zombie Game/Assets
GfxDevice: creating device client; threaded=0; jobified=0
Direct3D:
    Version:  Direct3D 11.0 [level 11.1]
    Renderer: NVIDIA GeForce RTX 3050 Laptop GPU (ID=0x25a5)
    Vendor:   NVIDIA
    VRAM:     3991 MB
    Driver:   31.0.15.1720
Shader 'WFX/Transparent Diffuse': fallback shader 'Particles/Alpha Blended' not found
Shader 'WFX/Transparent Specular': fallback shader 'Particles/Alpha Blended' not found
Initialize mono
Mono path[0] = 'C:/Program Files/Unity/Hub/Editor/2021.3.25f1/Editor/Data/Managed'
Mono path[1] = 'C:/Program Files/Unity/Hub/Editor/2021.3.25f1/Editor/Data/MonoBleedingEdge/lib/mono/unityjit-win32'
Mono config path = 'C:/Program Files/Unity/Hub/Editor/2021.3.25f1/Editor/Data/MonoBleedingEdge/etc'
Using monoOptions --debugger-agent=transport=dt_socket,embedding=1,server=y,suspend=n,address=127.0.0.1:56908
Begin MonoManager ReloadAssembly
Registering precompiled unity dll's ...
Register platform support module: C:/Program Files/Unity/Hub/Editor/2021.3.25f1/Editor/Data/PlaybackEngines/WindowsStandaloneSupport/UnityEditor.WindowsStandalone.Extensions.dll
Registered in 0.007812 seconds.
Native extension for WindowsStandalone target not found
Refreshing native plugins compatible for Editor in 74.38 ms, found 3 plugins.
Preloading 0 native plugins for Editor in 0.00 ms.
Mono: successfully reloaded assembly
- Completed reload, in  0.648 seconds
Domain Reload Profiling:
	ReloadAssembly (648ms)
		BeginReloadAssembly (148ms)
			ExecutionOrderSort (0ms)
			DisableScriptedObjects (0ms)
			BackupInstance (0ms)
			ReleaseScriptingObjects (0ms)
			CreateAndSetChildDomain (1ms)
		EndReloadAssembly (400ms)
			LoadAssemblies (145ms)
			RebuildTransferFunctionScriptingTraits (0ms)
			SetupTypeCache (96ms)
			ReleaseScriptCaches (0ms)
			RebuildScriptCaches (26ms)
			SetupLoadedEditorAssemblies (234ms)
				LogAssemblyErrors (0ms)
				InitializePlatformSupportModulesInManaged (12ms)
				SetLoadedEditorAssemblies (0ms)
				RefreshPlugins (74ms)
				BeforeProcessingInitializeOnLoad (1ms)
				ProcessInitializeOnLoadAttributes (107ms)
				ProcessInitializeOnLoadMethodAttributes (39ms)
				AfterProcessingInitializeOnLoad (0ms)
				EditorAssembliesLoaded (0ms)
			ExecutionOrderSort2 (0ms)
			AwakeInstancesAfterBackupRestoration (0ms)
Platform modules already initialized, skipping
Registering precompiled user dll's ...
Registered in 0.003465 seconds.
Begin MonoManager ReloadAssembly
Symbol file LoadedFromMemory doesn't match image D:\GITHUB\zombie_game\TPS Zombie Game\Library\PackageCache\com.unity.visualscripting@1.8.0\Editor\VisualScripting.Core\Dependencies\YamlDotNet\Unity.VisualScripting.YamlDotNet.dll
Symbol file LoadedFromMemory doesn't match image D:\GITHUB\zombie_game\TPS Zombie Game\Library\PackageCache\com.unity.visualscripting@1.8.0\Editor\VisualScripting.Core\Dependencies\DotNetZip\Unity.VisualScripting.IonicZip.dll
Native extension for WindowsStandalone target not found
Refreshing native plugins compatible for Editor in 0.89 ms, found 3 plugins.
Preloading 0 native plugins for Editor in 0.00 ms.
Mono: successfully reloaded assembly
- Completed reload, in  1.095 seconds
Domain Reload Profiling:
	ReloadAssembly (1096ms)
		BeginReloadAssembly (108ms)
			ExecutionOrderSort (0ms)
			DisableScriptedObjects (4ms)
			BackupInstance (0ms)
			ReleaseScriptingObjects (0ms)
			CreateAndSetChildDomain (17ms)
		EndReloadAssembly (885ms)
			LoadAssemblies (128ms)
			RebuildTransferFunctionScriptingTraits (0ms)
			SetupTypeCache (259ms)
			ReleaseScriptCaches (1ms)
			RebuildScriptCaches (54ms)
			SetupLoadedEditorAssemblies (421ms)
				LogAssemblyErrors (0ms)
				InitializePlatformSupportModulesInManaged (6ms)
				SetLoadedEditorAssemblies (0ms)
				RefreshPlugins (1ms)
				BeforeProcessingInitializeOnLoad (72ms)
				ProcessInitializeOnLoadAttributes (312ms)
				ProcessInitializeOnLoadMethodAttributes (21ms)
				AfterProcessingInitializeOnLoad (9ms)
				EditorAssembliesLoaded (0ms)
			ExecutionOrderSort2 (0ms)
			AwakeInstancesAfterBackupRestoration (5ms)
Platform modules already initialized, skipping
========================================================================
Worker process is ready to serve import requests
Shader 'WFX/Transparent Specular': fallback shader 'Particles/Alpha Blended' not found
Shader 'WFX/Transparent Diffuse': fallback shader 'Particles/Alpha Blended' not found
Launched and connected shader compiler UnityShaderCompiler.exe after 0.04 seconds
Refreshing native plugins compatible for Editor in 0.85 ms, found 3 plugins.
Preloading 0 native plugins for Editor in 0.00 ms.
Unloading 3368 Unused Serialized files (Serialized files now loaded: 0)
Unloading 44 unused Assets / (1.1 MB). Loaded Objects now: 3845.
Memory consumption went from 145.4 MB to 144.3 MB.
Total: 3.051200 ms (FindLiveObjects: 0.255000 ms CreateObjectMapping: 0.081700 ms MarkObjects: 2.400800 ms  DeleteObjects: 0.312900 ms)

AssetImportParameters requested are different than current active one (requested -> active):
  custom:video-decoder-ogg-theora: a1e56fd34408186e4bbccfd4996cb3dc -> 
  custom:container-muxer-webm: aa71ff27fc2769a1b78a27578f13a17b -> 
  custom:container-demuxer-webm: 4f35f7cbe854078d1ac9338744f61a02 -> 
  custom:video-encoder-webm-vp8: eb34c28f22e8b96e1ab97ce403110664 -> 
  custom:video-codec-MediaFoundation-h265: 746d11721c4dcdbdad8f713fa42b33f4 -> 
  custom:audio-encoder-webm-vorbis: bf7c407c2cedff20999df2af8eb42d56 -> 
  custom:framework-win-MediaFoundation: 216162199b28c13a410421893ffa2e32 -> 
  custom:container-demuxer-ogg: 62fdf1f143b41e24485cea50d1cbac27 -> 
  custom:video-decoder-webm-vp8: 9c59270c3fd7afecdb556c50c9e8de78 -> 
  custom:audio-decoder-ogg-vorbis: bf7c407c2cedff20999df2af8eb42d56 -> 
========================================================================
Received Import Request.
  Time since last request: 88250.418292 seconds.
  path: Assets/Zombies/Zombie6/War Scary Zombie Pack/walking (2).fbx
  artifactKey: Guid(3493c1caa6603b547a051a439291f76a) Importer(815301076,1909f56bfc062723c751e8b465ee728b)
Start importing Assets/Zombies/Zombie6/War Scary Zombie Pack/walking (2).fbx using Guid(3493c1caa6603b547a051a439291f76a) Importer(815301076,1909f56bfc062723c751e8b465ee728b)  -> (artifact id: '3e479cca98c8231f1cf2e32d551a593f') in 0.076837 seconds 
========================================================================
Received Import Request.
  Time since last request: 0.012177 seconds.
  path: Assets/Zombies/Zombie5/Parasite Scary Zombie Pack/zombie stand up (2).fbx
  artifactKey: Guid(6c4b93efac95a83489f44d278ddf8abd) Importer(815301076,1909f56bfc062723c751e8b465ee728b)
Start importing Assets/Zombies/Zombie5/Parasite Scary Zombie Pack/zombie stand up (2).fbx using Guid(6c4b93efac95a83489f44d278ddf8abd) Importer(815301076,1909f56bfc062723c751e8b465ee728b)  -> (artifact id: 'a89aa76a3f3a103b920507f5b2fee2ce') in 0.023619 seconds 
========================================================================
Received Import Request.
  Time since last request: 0.000022 seconds.
  path: Assets/Zombies/Zombie5/Parasite Scary Zombie Pack/zombie stand up (3).fbx
  artifactKey: Guid(ff37e5834aa9b0941ad119f51dba5d9c) Importer(815301076,1909f56bfc062723c751e8b465ee728b)
Start importing Assets/Zombies/Zombie5/Parasite Scary Zombie Pack/zombie stand up (3).fbx using Guid(ff37e5834aa9b0941ad119f51dba5d9c) Importer(815301076,1909f56bfc062723c751e8b465ee728b)  -> (artifact id: 'e98c74dab31649a30bc911e034322962') in 0.020216 seconds 
========================================================================
Received Import Request.
  Time since last request: 0.104503 seconds.
  path: Assets/Zombies/Zombie5/Parasite Scary Zombie Pack/zombie running.fbx
  artifactKey: Guid(433d9b3495a2c0547968701e303def20) Importer(815301076,1909f56bfc062723c751e8b465ee728b)
Start importing Assets/Zombies/Zombie5/Parasite Scary Zombie Pack/zombie running.fbx using Guid(433d9b3495a2c0547968701e303def20) Importer(815301076,1909f56bfc062723c751e8b465ee728b)  -> (artifact id: '05a64a67ac7db334819637e1283b4138') in 0.020464 seconds 
========================================================================
Received Import Request.
  Time since last request: 0.000023 seconds.
  path: Assets/Zombies/Zombie5/Parasite Scary Zombie Pack/zombie reaction hit (2).fbx
  artifactKey: Guid(cc6f5ec1a7e6e98469c10d91b4923bae) Importer(815301076,1909f56bfc062723c751e8b465ee728b)
Start importing Assets/Zombies/Zombie5/Parasite Scary Zombie Pack/zombie reaction hit (2).fbx using Guid(cc6f5ec1a7e6e98469c10d91b4923bae) Importer(815301076,1909f56bfc062723c751e8b465ee728b)  -> (artifact id: 'f4abc696e3cdb56ed94c0140f95baf10') in 0.019611 seconds 
========================================================================
Received Import Request.
  Time since last request: 0.000411 seconds.
  path: Assets/Zombies/Zombie5/Parasite Scary Zombie Pack/zombie punching (2).fbx
  artifactKey: Guid(d5870c4e060fd594bad8ae5624a4fc94) Importer(815301076,1909f56bfc062723c751e8b465ee728b)
Start importing Assets/Zombies/Zombie5/Parasite Scary Zombie Pack/zombie punching (2).fbx using Guid(d5870c4e060fd594bad8ae5624a4fc94) Importer(815301076,1909f56bfc062723c751e8b465ee728b)  -> (artifact id: '938e013d43adea07786cc3d1b12b47e2') in 0.022052 seconds 
========================================================================
Received Import Request.
  Time since last request: 0.016125 seconds.
  path: Assets/Zombies/Zombie5/Parasite Scary Zombie Pack/zombie idle (4).fbx
  artifactKey: Guid(801b2eafa22628a4289d754e4fea64d2) Importer(815301076,1909f56bfc062723c751e8b465ee728b)
Start importing Assets/Zombies/Zombie5/Parasite Scary Zombie Pack/zombie idle (4).fbx using Guid(801b2eafa22628a4289d754e4fea64d2) Importer(815301076,1909f56bfc062723c751e8b465ee728b)  -> (artifact id: '683b88cabe158659abc261693a290e79') in 0.022830 seconds 
========================================================================
Received Import Request.
  Time since last request: 0.000030 seconds.
  path: Assets/Zombies/Zombie5/Parasite Scary Zombie Pack/zombie kicking (2).fbx
  artifactKey: Guid(cab468b99c3059841aa4bf16347eb72f) Importer(815301076,1909f56bfc062723c751e8b465ee728b)
Start importing Assets/Zombies/Zombie5/Parasite Scary Zombie Pack/zombie kicking (2).fbx using Guid(cab468b99c3059841aa4bf16347eb72f) Importer(815301076,1909f56bfc062723c751e8b465ee728b)  -> (artifact id: 'f387087fb6c53cb5c6cd9b8abfd66368') in 0.022582 seconds 
========================================================================
Received Import Request.
  Time since last request: 0.111357 seconds.
  path: Assets/Zombies/Zombie5/Parasite Scary Zombie Pack/zombie idle (2).fbx
  artifactKey: Guid(cae71425dc9f17047b2a4a7a94f89b18) Importer(815301076,1909f56bfc062723c751e8b465ee728b)
Start importing Assets/Zombies/Zombie5/Parasite Scary Zombie Pack/zombie idle (2).fbx using Guid(cae71425dc9f17047b2a4a7a94f89b18) Importer(815301076,1909f56bfc062723c751e8b465ee728b)  -> (artifact id: 'bae00869b6161c71ea21845ee4087e28') in 0.018433 seconds 
========================================================================
Received Import Request.
  Time since last request: 0.000023 seconds.
  path: Assets/Zombies/Zombie5/Parasite Scary Zombie Pack/zombie attack.fbx
  artifactKey: Guid(36bfa7f6e6118ba49acdea4776526193) Importer(815301076,1909f56bfc062723c751e8b465ee728b)
Start importing Assets/Zombies/Zombie5/Parasite Scary Zombie Pack/zombie attack.fbx using Guid(36bfa7f6e6118ba49acdea4776526193) Importer(815301076,1909f56bfc062723c751e8b465ee728b)  -> (artifact id: 'a9927cdb007e8c99135a718148f6323b') in 0.020064 seconds 
========================================================================
Received Import Request.
  Time since last request: 0.000021 seconds.
  path: Assets/Zombies/Zombie5/Parasite Scary Zombie Pack/zombie turn.fbx
  artifactKey: Guid(11f9a621384fbb247bacd1312d9ef298) Importer(815301076,1909f56bfc062723c751e8b465ee728b)
Start importing Assets/Zombies/Zombie5/Parasite Scary Zombie Pack/zombie turn.fbx using Guid(11f9a621384fbb247bacd1312d9ef298) Importer(815301076,1909f56bfc062723c751e8b465ee728b)  -> (artifact id: 'b99a484450b5e8e343c3dce5f0f2722f') in 0.023051 seconds 
========================================================================
Received Import Request.
  Time since last request: 0.023702 seconds.
  path: Assets/Zombies/Zombie5/Parasite Scary Zombie Pack/walking (2).fbx
  artifactKey: Guid(6adb8cda8cf289b49abbf8814e671762) Importer(815301076,1909f56bfc062723c751e8b465ee728b)
Start importing Assets/Zombies/Zombie5/Parasite Scary Zombie Pack/walking (2).fbx using Guid(6adb8cda8cf289b49abbf8814e671762) Importer(815301076,1909f56bfc062723c751e8b465ee728b)  -> (artifact id: '90de8d1f66b806125040faf505f6f391') in 0.016390 seconds 
========================================================================
Received Import Request.
  Time since last request: 0.127797 seconds.
  path: Assets/Zombies/Zombie6/War Scary Zombie Pack/zombie turn.fbx
  artifactKey: Guid(c924b3d305f22554ca5a6f41f0c5dc1d) Importer(815301076,1909f56bfc062723c751e8b465ee728b)
Start importing Assets/Zombies/Zombie6/War Scary Zombie Pack/zombie turn.fbx using Guid(c924b3d305f22554ca5a6f41f0c5dc1d) Importer(815301076,1909f56bfc062723c751e8b465ee728b)  -> (artifact id: 'fa5a5c341e9ac90c787747a796a5ff5d') in 0.012754 seconds 
========================================================================
Received Import Request.
  Time since last request: 0.000026 seconds.
  path: Assets/Zombies/Zombie6/War Scary Zombie Pack/zombie stumbling.fbx
  artifactKey: Guid(cef6d33dc0af5af4499fe5e0718daa32) Importer(815301076,1909f56bfc062723c751e8b465ee728b)
Start importing Assets/Zombies/Zombie6/War Scary Zombie Pack/zombie stumbling.fbx using Guid(cef6d33dc0af5af4499fe5e0718daa32) Importer(815301076,1909f56bfc062723c751e8b465ee728b)  -> (artifact id: 'ea1c8d4cbb0fad453a5a03028ae10b8d') in 0.018953 seconds 
========================================================================
Received Import Request.
  Time since last request: 0.036648 seconds.
  path: Assets/Zombies/Zombie6/War Scary Zombie Pack/zombie running.fbx
  artifactKey: Guid(82962c678e5a20b4a8339b8f13d4ed64) Importer(815301076,1909f56bfc062723c751e8b465ee728b)
Start importing Assets/Zombies/Zombie6/War Scary Zombie Pack/zombie running.fbx using Guid(82962c678e5a20b4a8339b8f13d4ed64) Importer(815301076,1909f56bfc062723c751e8b465ee728b)  -> (artifact id: '552e008350376ee81657af9c99667276') in 0.015049 seconds 
========================================================================
Received Import Request.
  Time since last request: 0.000084 seconds.
  path: Assets/Zombies/Zombie6/War Scary Zombie Pack/zombie stand up (3).fbx
  artifactKey: Guid(be4f7c077afe3ef4a9e0e2b12b10d203) Importer(815301076,1909f56bfc062723c751e8b465ee728b)
Start importing Assets/Zombies/Zombie6/War Scary Zombie Pack/zombie stand up (3).fbx using Guid(be4f7c077afe3ef4a9e0e2b12b10d203) Importer(815301076,1909f56bfc062723c751e8b465ee728b)  -> (artifact id: '2db6b6309c3226a2c68ea8bd766bba7c') in 0.014981 seconds 
========================================================================
Received Import Request.
  Time since last request: 0.000022 seconds.
  path: Assets/Zombies/Zombie6/War Scary Zombie Pack/zombie stand up (2).fbx
  artifactKey: Guid(6f8f93a0438ced347847e85a1b644509) Importer(815301076,1909f56bfc062723c751e8b465ee728b)
Start importing Assets/Zombies/Zombie6/War Scary Zombie Pack/zombie stand up (2).fbx using Guid(6f8f93a0438ced347847e85a1b644509) Importer(815301076,1909f56bfc062723c751e8b465ee728b)  -> (artifact id: '44c59803dd073f95a0809f97b9232945') in 0.016667 seconds 
========================================================================
Received Import Request.
  Time since last request: 0.000025 seconds.
  path: Assets/Zombies/Zombie6/War Scary Zombie Pack/zombie reaction hit (2).fbx
  artifactKey: Guid(3a5860217f117044fabd97f030cbb8ce) Importer(815301076,1909f56bfc062723c751e8b465ee728b)
Start importing Assets/Zombies/Zombie6/War Scary Zombie Pack/zombie reaction hit (2).fbx using Guid(3a5860217f117044fabd97f030cbb8ce) Importer(815301076,1909f56bfc062723c751e8b465ee728b)  -> (artifact id: '6616420e21ea8b74a76b15f3740b23ce') in 0.016475 seconds 
========================================================================
Received Import Request.
  Time since last request: 0.112532 seconds.
  path: Assets/Zombies/Zombie6/War Scary Zombie Pack/zombie punching (2).fbx
  artifactKey: Guid(55c6e7e4db3b43c469ba7630bdc26c14) Importer(815301076,1909f56bfc062723c751e8b465ee728b)
Start importing Assets/Zombies/Zombie6/War Scary Zombie Pack/zombie punching (2).fbx using Guid(55c6e7e4db3b43c469ba7630bdc26c14) Importer(815301076,1909f56bfc062723c751e8b465ee728b)  -> (artifact id: '5b0c9d7419f05b8141eb730e39532782') in 0.012704 seconds 
========================================================================
Received Import Request.
  Time since last request: 0.000021 seconds.
  path: Assets/Zombies/Zombie6/War Scary Zombie Pack/zombie kicking (2).fbx
  artifactKey: Guid(62aca8bd840f09d4da51072caab4f1c6) Importer(815301076,1909f56bfc062723c751e8b465ee728b)
Start importing Assets/Zombies/Zombie6/War Scary Zombie Pack/zombie kicking (2).fbx using Guid(62aca8bd840f09d4da51072caab4f1c6) Importer(815301076,1909f56bfc062723c751e8b465ee728b)  -> (artifact id: '62748c338871b16da129c38b1bdf5f62') in 0.012936 seconds 
========================================================================
Received Import Request.
  Time since last request: 0.011518 seconds.
  path: Assets/Zombies/Zombie6/War Scary Zombie Pack/zombie idle (4).fbx
  artifactKey: Guid(0e798650b8171a7499376c29600f9d30) Importer(815301076,1909f56bfc062723c751e8b465ee728b)
Start importing Assets/Zombies/Zombie6/War Scary Zombie Pack/zombie idle (4).fbx using Guid(0e798650b8171a7499376c29600f9d30) Importer(815301076,1909f56bfc062723c751e8b465ee728b)  -> (artifact id: '2cf88231d6c7264151b0a324394628f6') in 0.016781 seconds 
========================================================================
Received Import Request.
  Time since last request: 0.026169 seconds.
  path: Assets/Zombies/Zombie6/War Scary Zombie Pack/zombie headbutt.fbx
  artifactKey: Guid(9c96e42862557e8428e419c2e00b5e92) Importer(815301076,1909f56bfc062723c751e8b465ee728b)
Start importing Assets/Zombies/Zombie6/War Scary Zombie Pack/zombie headbutt.fbx using Guid(9c96e42862557e8428e419c2e00b5e92) Importer(815301076,1909f56bfc062723c751e8b465ee728b)  -> (artifact id: '241c6a76da930fc577a2e77674e4f27d') in 0.017442 seconds 
========================================================================
Received Import Request.
  Time since last request: 0.000033 seconds.
  path: Assets/Zombies/Zombie6/War Scary Zombie Pack/zombie idle (2).fbx
  artifactKey: Guid(fc526a6d082373249a6c785baa8ed3a8) Importer(815301076,1909f56bfc062723c751e8b465ee728b)
Start importing Assets/Zombies/Zombie6/War Scary Zombie Pack/zombie idle (2).fbx using Guid(fc526a6d082373249a6c785baa8ed3a8) Importer(815301076,1909f56bfc062723c751e8b465ee728b)  -> (artifact id: 'b1033a4371bf835a91b74c015c874f6c') in 0.012553 seconds 
========================================================================
Received Import Request.
  Time since last request: 0.140125 seconds.
  path: Assets/Zombies/Zombie5/Parasite Scary Zombie Pack/walking.fbx
  artifactKey: Guid(76e8f165136ad084a8ca3dbe11e90aed) Importer(815301076,1909f56bfc062723c751e8b465ee728b)
Start importing Assets/Zombies/Zombie5/Parasite Scary Zombie Pack/walking.fbx using Guid(76e8f165136ad084a8ca3dbe11e90aed) Importer(815301076,1909f56bfc062723c751e8b465ee728b)  -> (artifact id: 'b2f815668d411592c34fcfec80ca195f') in 0.012479 seconds 
Editor requested this worker to shutdown with reason: Scaling down because of idle timeout
AssetImportWorker is now disconnected from the server
Process exiting
Exiting without the bug reporter. Application will terminate with return code 0